# Logfile created on 2014-08-30 14:20:10 +0100 by logger.rb/44203
I, [2014-08-30T14:20:10.718652 #943]  INFO -- : 0:  addressable (2.3.6) from /Users/michaelhayes/.rvm/rubies/ruby-2.1.0/lib/ruby/gems/2.1.0/specifications/addressable-2.3.6.gemspec
I, [2014-08-30T14:20:12.445047 #943]  INFO -- : 0:  backports (3.6.0) from /Users/michaelhayes/.rvm/rubies/ruby-2.1.0/lib/ruby/gems/2.1.0/specifications/backports-3.6.0.gemspec
I, [2014-08-30T14:20:14.030242 #943]  INFO -- : 0:  buftok (0.2.0) from /Users/michaelhayes/.rvm/rubies/ruby-2.1.0/lib/ruby/gems/2.1.0/specifications/buftok-0.2.0.gemspec
I, [2014-08-30T14:20:15.886403 #943]  INFO -- : 0:  coffee-script-source (1.8.0) from /Users/michaelhayes/.rvm/rubies/ruby-2.1.0/lib/ruby/gems/2.1.0/specifications/coffee-script-source-1.8.0.gemspec
I, [2014-08-30T14:20:15.886843 #943]  INFO -- : 0:  execjs (2.0.2) from /Users/michaelhayes/.rvm/rubies/ruby-2.1.0/lib/ruby/gems/2.1.0/specifications/execjs-2.0.2.gemspec
I, [2014-08-30T14:20:15.887130 #943]  INFO -- : 0:  coffee-script (2.2.0) from /Users/michaelhayes/.rvm/rubies/ruby-2.1.0/lib/ruby/gems/2.1.0/specifications/coffee-script-2.2.0.gemspec
I, [2014-08-30T14:20:18.281551 #943]  INFO -- : 0:  daemons (1.1.9) from /Users/michaelhayes/.rvm/rubies/ruby-2.1.0/lib/ruby/gems/2.1.0/specifications/daemons-1.1.9.gemspec
I, [2014-08-30T14:20:18.281917 #943]  INFO -- : 0:  rack (1.5.2) from /Users/michaelhayes/.rvm/rubies/ruby-2.1.0/lib/ruby/gems/2.1.0/specifications/rack-1.5.2.gemspec
I, [2014-08-30T14:20:18.282204 #943]  INFO -- : 0:  thread_safe (0.3.4) from /Users/michaelhayes/.rvm/rubies/ruby-2.1.0/lib/ruby/gems/2.1.0/specifications/thread_safe-0.3.4.gemspec
I, [2014-08-30T14:20:18.282461 #943]  INFO -- : 0:  tzinfo (1.2.2) from /Users/michaelhayes/.rvm/rubies/ruby-2.1.0/lib/ruby/gems/2.1.0/specifications/tzinfo-1.2.2.gemspec
I, [2014-08-30T14:20:20.342175 #943]  INFO -- : 0:  rufus-scheduler (2.0.24) from /Users/michaelhayes/.rvm/rubies/ruby-2.1.0/lib/ruby/gems/2.1.0/specifications/rufus-scheduler-2.0.24.gemspec
I, [2014-08-30T14:20:20.342610 #943]  INFO -- : 0:  sass (3.2.19) from /Users/michaelhayes/.rvm/rubies/ruby-2.1.0/lib/ruby/gems/2.1.0/specifications/sass-3.2.19.gemspec
I, [2014-08-30T14:20:22.533064 #943]  INFO -- : 0:  rack-protection (1.5.3) from /Users/michaelhayes/.rvm/rubies/ruby-2.1.0/lib/ruby/gems/2.1.0/specifications/rack-protection-1.5.3.gemspec
I, [2014-08-30T14:20:22.533477 #943]  INFO -- : 0:  tilt (1.4.1) from /Users/michaelhayes/.rvm/rubies/ruby-2.1.0/lib/ruby/gems/2.1.0/specifications/tilt-1.4.1.gemspec
I, [2014-08-30T14:20:25.142553 #943]  INFO -- : 0:  sinatra (1.4.5) from /Users/michaelhayes/.rvm/rubies/ruby-2.1.0/lib/ruby/gems/2.1.0/specifications/sinatra-1.4.5.gemspec
I, [2014-08-30T14:20:25.142944 #943]  INFO -- : 0:  multi_json (1.10.1) from /Users/michaelhayes/.rvm/rubies/ruby-2.1.0/lib/ruby/gems/2.1.0/specifications/multi_json-1.10.1.gemspec
I, [2014-08-30T14:20:25.143263 #943]  INFO -- : 0:  rack-test (0.6.2) from /Users/michaelhayes/.rvm/rubies/ruby-2.1.0/lib/ruby/gems/2.1.0/specifications/rack-test-0.6.2.gemspec
I, [2014-08-30T14:20:26.887248 #943]  INFO -- : 0:  sinatra-contrib (1.4.2) from /Users/michaelhayes/.rvm/rubies/ruby-2.1.0/lib/ruby/gems/2.1.0/specifications/sinatra-contrib-1.4.2.gemspec
I, [2014-08-30T14:20:26.887655 #943]  INFO -- : 0:  hike (1.2.3) from /Users/michaelhayes/.rvm/rubies/ruby-2.1.0/lib/ruby/gems/2.1.0/specifications/hike-1.2.3.gemspec
I, [2014-08-30T14:20:26.887953 #943]  INFO -- : 0:  sprockets (2.10.1) from /Users/michaelhayes/.rvm/rubies/ruby-2.1.0/lib/ruby/gems/2.1.0/specifications/sprockets-2.10.1.gemspec
I, [2014-08-30T14:20:38.463929 #943]  INFO -- : 0:  eventmachine (1.0.3) from /Users/michaelhayes/.rvm/rubies/ruby-2.1.0/lib/ruby/gems/2.1.0/specifications/eventmachine-1.0.3.gemspec
I, [2014-08-30T14:20:41.298800 #943]  INFO -- : 0:  thin (1.6.2) from /Users/michaelhayes/.rvm/rubies/ruby-2.1.0/lib/ruby/gems/2.1.0/specifications/thin-1.6.2.gemspec
I, [2014-08-30T14:20:41.299458 #943]  INFO -- : 0:  thor (0.18.1) from /Users/michaelhayes/.rvm/rubies/ruby-2.1.0/lib/ruby/gems/2.1.0/specifications/thor-0.18.1.gemspec
I, [2014-08-30T14:20:43.672766 #943]  INFO -- : 0:  dashing (1.3.4) from /Users/michaelhayes/.rvm/rubies/ruby-2.1.0/lib/ruby/gems/2.1.0/specifications/dashing-1.3.4.gemspec
I, [2014-08-30T14:20:45.570641 #943]  INFO -- : 0:  equalizer (0.0.9) from /Users/michaelhayes/.rvm/rubies/ruby-2.1.0/lib/ruby/gems/2.1.0/specifications/equalizer-0.0.9.gemspec
I, [2014-08-30T14:20:45.571148 #943]  INFO -- : 0:  multipart-post (2.0.0) from /Users/michaelhayes/.rvm/rubies/ruby-2.1.0/lib/ruby/gems/2.1.0/specifications/multipart-post-2.0.0.gemspec
I, [2014-08-30T14:20:45.571582 #943]  INFO -- : 0:  faraday (0.9.0) from /Users/michaelhayes/.rvm/rubies/ruby-2.1.0/lib/ruby/gems/2.1.0/specifications/faraday-0.9.0.gemspec
I, [2014-08-30T14:20:48.516777 #943]  INFO -- : 0:  http_parser.rb (0.6.0) from /Users/michaelhayes/.rvm/rubies/ruby-2.1.0/lib/ruby/gems/2.1.0/specifications/http_parser.rb-0.6.0.gemspec
I, [2014-08-30T14:20:51.130119 #943]  INFO -- : 0:  http (0.6.2) from /Users/michaelhayes/.rvm/rubies/ruby-2.1.0/lib/ruby/gems/2.1.0/specifications/http-0.6.2.gemspec
I, [2014-08-30T14:20:51.130446 #943]  INFO -- : 0:  json (1.8.1) from /Users/michaelhayes/.rvm/rubies/ruby-2.1.0/lib/ruby/gems/2.1.0/specifications/default/json-1.8.1.gemspec
I, [2014-08-30T14:20:53.267126 #943]  INFO -- : 0:  memoizable (0.4.2) from /Users/michaelhayes/.rvm/rubies/ruby-2.1.0/lib/ruby/gems/2.1.0/specifications/memoizable-0.4.2.gemspec
I, [2014-08-30T14:20:55.335174 #943]  INFO -- : 0:  naught (1.0.0) from /Users/michaelhayes/.rvm/rubies/ruby-2.1.0/lib/ruby/gems/2.1.0/specifications/naught-1.0.0.gemspec
I, [2014-08-30T14:20:57.608859 #943]  INFO -- : 0:  simple_oauth (0.2.0) from /Users/michaelhayes/.rvm/rubies/ruby-2.1.0/lib/ruby/gems/2.1.0/specifications/simple_oauth-0.2.0.gemspec
I, [2014-08-30T14:21:01.167811 #943]  INFO -- : 0:  twitter (5.11.0) from /Users/michaelhayes/.rvm/rubies/ruby-2.1.0/lib/ruby/gems/2.1.0/specifications/twitter-5.11.0.gemspec
I, [2014-08-30T14:21:01.168191 #943]  INFO -- : 0:  bundler (1.5.1) from /Users/michaelhayes/.rvm/rubies/ruby-2.1.0/lib/ruby/gems/2.1.0/specifications/bundler-1.5.1.gemspec
